2024/02/14 15:56:48 main.go:27: initializing the FASTQ server
2024/02/14 15:56:48 main.go:28: Starting server...
2024/02/14 15:56:48 db.go:22: Initializing data sources
2024/02/14 15:56:49 db.go:49: connected to sql db successfully
2024/02/14 15:56:49 main.go:164: Hostname ASUSVivobook
2024/02/14 15:56:49 main.go:180: Server is running on port 9090
2024/02/14 15:56:49 main.go:65: Server IP found 192.168.132.148
2024/02/14 15:56:49 filehelper.go:129: Filename license_FASTQ Solutions.json
2024/02/14 15:58:01 UserService.go:68: &{73ac3366-c04d-11ee-a5d5-ce47405e851e admin@fastq.com ed0e8943a4c2cfe4abde83d2d759583c96935685e5152b552e87ddca7e892a16.dc1150457f5d60a7b43b64841b4c06aa33aa2ac276d228dea2601dde7daca85e Tanvir Shaikh fastq solutions ltd nDmmyD0 India IN 73ac3366-c04d-11ee-a5d5-ce47405e851e 2024-01-31T20:58:58Z 2024-01-31T20:58:58Z}
2024/02/14 15:58:10 reportsDAO.go:293: Error executing query: Error 1064: You have an error in your SQL syntax; check the manual that corresponds to your MySQL server version for the right syntax to use near 'FROM ticket t INNER JOIN manage_user u ON t.updated_by = u.id inner join manage_' at line 3
2024/02/14 16:00:06 reportsDAO.go:293: Error executing query: Error 1064: You have an error in your SQL syntax; check the manual that corresponds to your MySQL server version for the right syntax to use near 'FROM ticket t INNER JOIN manage_user u ON t.updated_by = u.id inner join manage_' at line 3
2024/02/14 16:01:39 main.go:27: initializing the FASTQ server
2024/02/14 16:01:39 main.go:28: Starting server...
2024/02/14 16:01:39 db.go:22: Initializing data sources
2024/02/14 16:01:39 db.go:49: connected to sql db successfully
2024/02/14 16:01:39 main.go:164: Hostname ASUSVivobook
2024/02/14 16:01:39 main.go:180: Server is running on port 9090
2024/02/14 16:01:39 main.go:65: Server IP found 192.168.132.148
2024/02/14 16:01:39 filehelper.go:129: Filename license_FASTQ Solutions.json
2024/02/14 16:45:50 ticket.handlers.go:469: data:::::: {   192.168.132.148 178BFBFF008A0F00 0025_38E5_31A7_8005. false false  }
2024/02/14 16:45:52 filehelper.go:129: Filename license_FASTQ Solutions.json
2024/02/14 16:45:52 filehelper.go:129: Filename license_FASTQ Solutions.json
2024/02/14 16:46:32 filehelper.go:129: Filename license_FASTQ Solutions.json
2024/02/14 16:46:32 filehelper.go:129: Filename license_FASTQ Solutions.json
2024/02/14 16:46:53 LicenseService.go:126: user not present, sql: expected 23 destination arguments in Scan, not 20
2024/02/14 16:46:53 LicenseService.go:429: error while updating counters <nil>
2024/02/14 16:46:53 ticket.handlers.go:410: handlers &{0xc00000ac40 0xc0003f8750}
2024/02/14 16:46:53 ticket.handlers.go:366: handlers &{0xc00000ac40 0xc0003f8750}
2024/02/14 16:46:53 admin.handlers.go:44: Client Connected
2024/02/14 16:46:53 ticket.handlers.go:424: handlers &{0xc00000ac40 0xc0003f8750}
2024/02/14 16:46:53 ticket.handlers.go:388: handlers &{0xc00000ac40 0xc0003f8750}
2024/02/14 16:46:53 admin.handlers.go:638: params::::: {nDmmyD0 }
2024/02/14 16:46:53 ticket.handlers.go:469: data:::::: {   192.168.132.148 178BFBFF008A0F00 0025_38E5_31A7_8005. false false  }
2024/02/14 16:46:55 ticket.handlers.go:366: handlers &{0xc00000ac40 0xc0003f8750}
2024/02/14 16:46:57 ticket.handlers.go:366: handlers &{0xc00000ac40 0xc0003f8750}
2024/02/14 16:46:59 ticket.handlers.go:366: handlers &{0xc00000ac40 0xc0003f8750}
2024/02/14 16:47:01 ticket.handlers.go:366: handlers &{0xc00000ac40 0xc0003f8750}
2024/02/14 16:47:03 ticket.handlers.go:366: handlers &{0xc00000ac40 0xc0003f8750}
2024/02/14 16:47:05 ticket.handlers.go:366: handlers &{0xc00000ac40 0xc0003f8750}
2024/02/14 16:47:07 ticket.handlers.go:366: handlers &{0xc00000ac40 0xc0003f8750}
2024/02/14 16:47:09 ticket.handlers.go:366: handlers &{0xc00000ac40 0xc0003f8750}
2024/02/14 16:47:11 ticket.handlers.go:366: handlers &{0xc00000ac40 0xc0003f8750}
2024/02/14 16:47:13 ticket.handlers.go:366: handlers &{0xc00000ac40 0xc0003f8750}
2024/02/14 16:47:15 ticket.handlers.go:366: handlers &{0xc00000ac40 0xc0003f8750}
2024/02/14 16:47:17 ticket.handlers.go:366: handlers &{0xc00000ac40 0xc0003f8750}
2024/02/14 16:47:19 ticket.handlers.go:366: handlers &{0xc00000ac40 0xc0003f8750}
2024/02/14 16:47:21 ticket.handlers.go:366: handlers &{0xc00000ac40 0xc0003f8750}
2024/02/14 16:47:23 ticket.handlers.go:366: handlers &{0xc00000ac40 0xc0003f8750}
2024/02/14 16:47:25 ticket.handlers.go:366: handlers &{0xc00000ac40 0xc0003f8750}
2024/02/14 16:47:27 ticket.handlers.go:366: handlers &{0xc00000ac40 0xc0003f8750}
2024/02/14 16:47:29 ticket.handlers.go:366: handlers &{0xc00000ac40 0xc0003f8750}
2024/02/14 16:47:31 ticket.handlers.go:366: handlers &{0xc00000ac40 0xc0003f8750}
2024/02/14 16:47:33 ticket.handlers.go:366: handlers &{0xc00000ac40 0xc0003f8750}
2024/02/14 16:47:35 ticket.handlers.go:366: handlers &{0xc00000ac40 0xc0003f8750}
2024/02/14 16:47:37 ticket.handlers.go:366: handlers &{0xc00000ac40 0xc0003f8750}
2024/02/14 16:47:39 ticket.handlers.go:366: handlers &{0xc00000ac40 0xc0003f8750}
2024/02/14 16:47:41 ticket.handlers.go:366: handlers &{0xc00000ac40 0xc0003f8750}
2024/02/14 16:47:43 ticket.handlers.go:366: handlers &{0xc00000ac40 0xc0003f8750}
2024/02/14 16:47:45 ticket.handlers.go:366: handlers &{0xc00000ac40 0xc0003f8750}
2024/02/14 16:47:47 ticket.handlers.go:366: handlers &{0xc00000ac40 0xc0003f8750}
2024/02/14 16:47:49 ticket.handlers.go:366: handlers &{0xc00000ac40 0xc0003f8750}
2024/02/14 16:47:51 ticket.handlers.go:366: handlers &{0xc00000ac40 0xc0003f8750}
2024/02/14 16:47:53 ticket.handlers.go:366: handlers &{0xc00000ac40 0xc0003f8750}
2024/02/14 16:47:55 ticket.handlers.go:366: handlers &{0xc00000ac40 0xc0003f8750}
2024/02/14 16:47:56 admin.handlers.go:62: error in reading message websocket: close 1001 (going away)
2024/02/14 16:47:56 ticket.handlers.go:366: handlers &{0xc00000ac40 0xc0003f8750}
2024/02/14 16:47:56 ticket.handlers.go:424: handlers &{0xc00000ac40 0xc0003f8750}
2024/02/14 16:47:56 ticket.handlers.go:410: handlers &{0xc00000ac40 0xc0003f8750}
2024/02/14 16:47:56 ticket.handlers.go:388: handlers &{0xc00000ac40 0xc0003f8750}
2024/02/14 16:47:56 admin.handlers.go:638: params::::: {nDmmyD0 }
2024/02/14 16:47:56 admin.handlers.go:44: Client Connected
2024/02/14 16:47:58 ticket.handlers.go:366: handlers &{0xc00000ac40 0xc0003f8750}
2024/02/14 16:48:00 ticket.handlers.go:366: handlers &{0xc00000ac40 0xc0003f8750}
2024/02/14 16:48:02 ticket.handlers.go:366: handlers &{0xc00000ac40 0xc0003f8750}
2024/02/14 16:48:04 ticket.handlers.go:366: handlers &{0xc00000ac40 0xc0003f8750}
2024/02/14 16:48:06 ticket.handlers.go:366: handlers &{0xc00000ac40 0xc0003f8750}
2024/02/14 16:48:08 ticket.handlers.go:366: handlers &{0xc00000ac40 0xc0003f8750}
2024/02/14 16:48:10 ticket.handlers.go:366: handlers &{0xc00000ac40 0xc0003f8750}
2024/02/14 16:48:12 ticket.handlers.go:366: handlers &{0xc00000ac40 0xc0003f8750}
2024/02/14 16:48:14 ticket.handlers.go:366: handlers &{0xc00000ac40 0xc0003f8750}
2024/02/14 16:48:16 ticket.handlers.go:366: handlers &{0xc00000ac40 0xc0003f8750}
2024/02/14 16:48:18 ticket.handlers.go:366: handlers &{0xc00000ac40 0xc0003f8750}
2024/02/14 16:48:20 ticket.handlers.go:366: handlers &{0xc00000ac40 0xc0003f8750}
2024/02/14 16:48:21 admin.handlers.go:62: error in reading message websocket: close 1001 (going away)
2024/02/14 16:48:23 admin.handlers.go:44: Client Connected
2024/02/14 16:48:23 ticket.handlers.go:366: handlers &{0xc00000ac40 0xc0003f8750}
2024/02/14 16:48:23 ticket.handlers.go:410: handlers &{0xc00000ac40 0xc0003f8750}
2024/02/14 16:48:23 ticket.handlers.go:424: handlers &{0xc00000ac40 0xc0003f8750}
2024/02/14 16:48:23 ticket.handlers.go:388: handlers &{0xc00000ac40 0xc0003f8750}
2024/02/14 16:48:23 admin.handlers.go:638: params::::: {nDmmyD0 }
2024/02/14 16:48:25 ticket.handlers.go:366: handlers &{0xc00000ac40 0xc0003f8750}
2024/02/14 16:48:27 admin.handlers.go:62: error in reading message invalid character 'd' looking for beginning of value
2024/02/14 16:48:27 filehelper.go:129: Filename license_FASTQ Solutions.json
2024/02/14 16:48:27 filehelper.go:129: Filename license_FASTQ Solutions.json
2024/02/14 16:49:03 LicenseService.go:126: user not present, sql: no rows in result set
2024/02/14 16:49:03 ticket.handlers.go:366: handlers &{0xc00000ac40 0xc0003f8750}
2024/02/14 16:49:03 ticket.handlers.go:410: handlers &{0xc00000ac40 0xc0003f8750}
2024/02/14 16:49:03 admin.handlers.go:44: Client Connected
2024/02/14 16:49:03 ticket.handlers.go:424: handlers &{0xc00000ac40 0xc0003f8750}
2024/02/14 16:49:03 ticket.handlers.go:388: handlers &{0xc00000ac40 0xc0003f8750}
2024/02/14 16:49:03 admin.handlers.go:638: params::::: {nDmmyD0 }
2024/02/14 16:49:03 ticket.handlers.go:469: data:::::: {   192.168.132.148 178BFBFF008A0F00 0025_38E5_31A7_8005. false false  }
2024/02/14 16:49:05 ticket.handlers.go:366: handlers &{0xc00000ac40 0xc0003f8750}
2024/02/14 16:49:07 ticket.handlers.go:366: handlers &{0xc00000ac40 0xc0003f8750}
2024/02/14 16:49:09 ticket.handlers.go:366: handlers &{0xc00000ac40 0xc0003f8750}
2024/02/14 16:49:11 ticket.handlers.go:366: handlers &{0xc00000ac40 0xc0003f8750}
2024/02/14 16:49:13 ticket.handlers.go:366: handlers &{0xc00000ac40 0xc0003f8750}
2024/02/14 16:49:15 ticket.handlers.go:366: handlers &{0xc00000ac40 0xc0003f8750}
2024/02/14 16:49:17 ticket.handlers.go:366: handlers &{0xc00000ac40 0xc0003f8750}
2024/02/14 16:49:19 ticket.handlers.go:366: handlers &{0xc00000ac40 0xc0003f8750}
2024/02/14 16:49:21 ticket.handlers.go:366: handlers &{0xc00000ac40 0xc0003f8750}
2024/02/14 16:49:23 ticket.handlers.go:366: handlers &{0xc00000ac40 0xc0003f8750}
2024/02/14 16:49:25 ticket.handlers.go:366: handlers &{0xc00000ac40 0xc0003f8750}
2024/02/14 16:49:27 ticket.handlers.go:366: handlers &{0xc00000ac40 0xc0003f8750}
2024/02/14 16:49:29 ticket.handlers.go:366: handlers &{0xc00000ac40 0xc0003f8750}
2024/02/14 16:49:31 ticket.handlers.go:366: handlers &{0xc00000ac40 0xc0003f8750}
2024/02/14 16:49:33 ticket.handlers.go:366: handlers &{0xc00000ac40 0xc0003f8750}
2024/02/14 16:49:36 ticket.handlers.go:366: handlers &{0xc00000ac40 0xc0003f8750}
2024/02/14 16:49:37 ticket.handlers.go:366: handlers &{0xc00000ac40 0xc0003f8750}
2024/02/14 16:49:39 ticket.handlers.go:366: handlers &{0xc00000ac40 0xc0003f8750}
2024/02/14 16:49:41 ticket.handlers.go:366: handlers &{0xc00000ac40 0xc0003f8750}
2024/02/14 16:49:43 ticket.handlers.go:366: handlers &{0xc00000ac40 0xc0003f8750}
2024/02/14 16:49:45 ticket.handlers.go:366: handlers &{0xc00000ac40 0xc0003f8750}
2024/02/14 16:49:47 ticket.handlers.go:366: handlers &{0xc00000ac40 0xc0003f8750}
2024/02/14 16:49:49 ticket.handlers.go:366: handlers &{0xc00000ac40 0xc0003f8750}
2024/02/14 16:49:51 ticket.handlers.go:366: handlers &{0xc00000ac40 0xc0003f8750}
2024/02/14 16:49:53 ticket.handlers.go:366: handlers &{0xc00000ac40 0xc0003f8750}
2024/02/14 16:49:55 ticket.handlers.go:366: handlers &{0xc00000ac40 0xc0003f8750}
2024/02/14 16:49:57 ticket.handlers.go:366: handlers &{0xc00000ac40 0xc0003f8750}
2024/02/14 16:49:59 ticket.handlers.go:366: handlers &{0xc00000ac40 0xc0003f8750}
2024/02/14 16:50:01 ticket.handlers.go:366: handlers &{0xc00000ac40 0xc0003f8750}
2024/02/14 16:50:03 ticket.handlers.go:366: handlers &{0xc00000ac40 0xc0003f8750}
2024/02/14 16:50:05 ticket.handlers.go:366: handlers &{0xc00000ac40 0xc0003f8750}
2024/02/14 16:50:07 ticket.handlers.go:366: handlers &{0xc00000ac40 0xc0003f8750}
2024/02/14 16:50:09 ticket.handlers.go:366: handlers &{0xc00000ac40 0xc0003f8750}
2024/02/14 16:50:11 ticket.handlers.go:366: handlers &{0xc00000ac40 0xc0003f8750}
2024/02/14 16:50:13 ticket.handlers.go:366: handlers &{0xc00000ac40 0xc0003f8750}
2024/02/14 16:50:15 ticket.handlers.go:366: handlers &{0xc00000ac40 0xc0003f8750}
2024/02/14 16:50:17 ticket.handlers.go:366: handlers &{0xc00000ac40 0xc0003f8750}
2024/02/14 16:50:19 ticket.handlers.go:366: handlers &{0xc00000ac40 0xc0003f8750}
2024/02/14 16:50:21 ticket.handlers.go:366: handlers &{0xc00000ac40 0xc0003f8750}
2024/02/14 16:50:23 ticket.handlers.go:366: handlers &{0xc00000ac40 0xc0003f8750}
2024/02/14 16:50:50 ticket.handlers.go:366: handlers &{0xc00000ac40 0xc0003f8750}
2024/02/14 16:50:51 ticket.handlers.go:366: handlers &{0xc00000ac40 0xc0003f8750}
2024/02/14 16:50:52 admin.handlers.go:62: error in reading message websocket: close 1001 (going away)
2024/02/14 16:50:54 ticket.handlers.go:366: handlers &{0xc00000ac40 0xc0003f8750}
2024/02/14 16:50:54 ticket.handlers.go:410: handlers &{0xc00000ac40 0xc0003f8750}
2024/02/14 16:50:54 ticket.handlers.go:424: handlers &{0xc00000ac40 0xc0003f8750}
2024/02/14 16:50:54 ticket.handlers.go:388: handlers &{0xc00000ac40 0xc0003f8750}
2024/02/14 16:50:54 admin.handlers.go:638: params::::: {nDmmyD0 }
2024/02/14 16:50:54 admin.handlers.go:44: Client Connected
2024/02/14 16:50:56 ticket.handlers.go:366: handlers &{0xc00000ac40 0xc0003f8750}
2024/02/14 16:50:58 ticket.handlers.go:366: handlers &{0xc00000ac40 0xc0003f8750}
2024/02/14 16:51:00 ticket.handlers.go:366: handlers &{0xc00000ac40 0xc0003f8750}
2024/02/14 16:51:02 ticket.handlers.go:366: handlers &{0xc00000ac40 0xc0003f8750}
2024/02/14 16:51:05 ticket.handlers.go:366: handlers &{0xc00000ac40 0xc0003f8750}
2024/02/14 16:51:06 ticket.handlers.go:366: handlers &{0xc00000ac40 0xc0003f8750}
2024/02/14 16:51:08 ticket.handlers.go:366: handlers &{0xc00000ac40 0xc0003f8750}
2024/02/14 16:51:09 admin.handlers.go:62: error in reading message websocket: close 1001 (going away)
2024/02/14 16:51:11 ticket.handlers.go:410: handlers &{0xc00000ac40 0xc0003f8750}
2024/02/14 16:51:11 ticket.handlers.go:366: handlers &{0xc00000ac40 0xc0003f8750}
2024/02/14 16:51:11 ticket.handlers.go:424: handlers &{0xc00000ac40 0xc0003f8750}
2024/02/14 16:51:11 admin.handlers.go:44: Client Connected
2024/02/14 16:51:11 ticket.handlers.go:388: handlers &{0xc00000ac40 0xc0003f8750}
2024/02/14 16:51:11 admin.handlers.go:638: params::::: {nDmmyD0 }
2024/02/14 16:51:13 ticket.handlers.go:366: handlers &{0xc00000ac40 0xc0003f8750}
2024/02/14 16:51:15 ticket.handlers.go:366: handlers &{0xc00000ac40 0xc0003f8750}
2024/02/14 16:51:17 ticket.handlers.go:366: handlers &{0xc00000ac40 0xc0003f8750}
2024/02/14 16:51:19 ticket.handlers.go:366: handlers &{0xc00000ac40 0xc0003f8750}
2024/02/14 16:51:21 ticket.handlers.go:366: handlers &{0xc00000ac40 0xc0003f8750}
2024/02/14 16:51:23 ticket.handlers.go:366: handlers &{0xc00000ac40 0xc0003f8750}
2024/02/14 16:51:25 ticket.handlers.go:366: handlers &{0xc00000ac40 0xc0003f8750}
2024/02/14 16:51:27 ticket.handlers.go:366: handlers &{0xc00000ac40 0xc0003f8750}
2024/02/14 16:51:29 ticket.handlers.go:366: handlers &{0xc00000ac40 0xc0003f8750}
2024/02/14 16:51:31 ticket.handlers.go:366: handlers &{0xc00000ac40 0xc0003f8750}
2024/02/14 16:51:33 ticket.handlers.go:366: handlers &{0xc00000ac40 0xc0003f8750}
2024/02/14 16:51:35 ticket.handlers.go:366: handlers &{0xc00000ac40 0xc0003f8750}
2024/02/14 16:51:37 ticket.handlers.go:366: handlers &{0xc00000ac40 0xc0003f8750}
2024/02/14 16:51:39 ticket.handlers.go:366: handlers &{0xc00000ac40 0xc0003f8750}
2024/02/14 16:51:41 ticket.handlers.go:366: handlers &{0xc00000ac40 0xc0003f8750}
2024/02/14 16:51:43 ticket.handlers.go:366: handlers &{0xc00000ac40 0xc0003f8750}
2024/02/14 16:51:45 ticket.handlers.go:366: handlers &{0xc00000ac40 0xc0003f8750}
2024/02/14 16:51:47 ticket.handlers.go:366: handlers &{0xc00000ac40 0xc0003f8750}
2024/02/14 16:51:49 ticket.handlers.go:366: handlers &{0xc00000ac40 0xc0003f8750}
2024/02/14 16:51:52 ticket.handlers.go:366: handlers &{0xc00000ac40 0xc0003f8750}
2024/02/14 16:51:53 ticket.handlers.go:366: handlers &{0xc00000ac40 0xc0003f8750}
2024/02/14 16:51:55 ticket.handlers.go:366: handlers &{0xc00000ac40 0xc0003f8750}
2024/02/14 16:51:57 ticket.handlers.go:366: handlers &{0xc00000ac40 0xc0003f8750}
2024/02/14 16:51:59 ticket.handlers.go:366: handlers &{0xc00000ac40 0xc0003f8750}
2024/02/14 16:51:59 admin.handlers.go:62: error in reading message websocket: close 1001 (going away)
2024/02/14 16:52:00 admin.handlers.go:44: Client Connected
2024/02/14 16:52:00 ticket.handlers.go:366: handlers &{0xc00000ac40 0xc0003f8750}
2024/02/14 16:52:00 ticket.handlers.go:424: handlers &{0xc00000ac40 0xc0003f8750}
2024/02/14 16:52:00 ticket.handlers.go:388: handlers &{0xc00000ac40 0xc0003f8750}
2024/02/14 16:52:00 ticket.handlers.go:410: handlers &{0xc00000ac40 0xc0003f8750}
2024/02/14 16:52:00 admin.handlers.go:638: params::::: {nDmmyD0 }
2024/02/14 16:52:02 ticket.handlers.go:366: handlers &{0xc00000ac40 0xc0003f8750}
2024/02/14 16:52:04 ticket.handlers.go:366: handlers &{0xc00000ac40 0xc0003f8750}
2024/02/14 16:52:06 ticket.handlers.go:366: handlers &{0xc00000ac40 0xc0003f8750}
2024/02/14 16:52:08 ticket.handlers.go:366: handlers &{0xc00000ac40 0xc0003f8750}
2024/02/14 16:52:10 ticket.handlers.go:366: handlers &{0xc00000ac40 0xc0003f8750}
2024/02/14 16:52:12 ticket.handlers.go:366: handlers &{0xc00000ac40 0xc0003f8750}
2024/02/14 16:52:14 ticket.handlers.go:366: handlers &{0xc00000ac40 0xc0003f8750}
2024/02/14 16:52:16 ticket.handlers.go:366: handlers &{0xc00000ac40 0xc0003f8750}
2024/02/14 16:52:18 ticket.handlers.go:366: handlers &{0xc00000ac40 0xc0003f8750}
2024/02/14 16:52:20 ticket.handlers.go:366: handlers &{0xc00000ac40 0xc0003f8750}
2024/02/14 16:52:22 ticket.handlers.go:366: handlers &{0xc00000ac40 0xc0003f8750}
2024/02/14 16:52:24 ticket.handlers.go:366: handlers &{0xc00000ac40 0xc0003f8750}
2024/02/14 16:52:26 ticket.handlers.go:366: handlers &{0xc00000ac40 0xc0003f8750}
2024/02/14 16:52:28 ticket.handlers.go:366: handlers &{0xc00000ac40 0xc0003f8750}
2024/02/14 16:52:31 ticket.handlers.go:366: handlers &{0xc00000ac40 0xc0003f8750}
2024/02/14 16:52:32 ticket.handlers.go:366: handlers &{0xc00000ac40 0xc0003f8750}
2024/02/14 16:52:34 ticket.handlers.go:366: handlers &{0xc00000ac40 0xc0003f8750}
2024/02/14 16:52:36 ticket.handlers.go:366: handlers &{0xc00000ac40 0xc0003f8750}
2024/02/14 16:52:36 admin.handlers.go:62: error in reading message websocket: close 1001 (going away)
2024/02/14 16:52:37 ticket.handlers.go:366: handlers &{0xc00000ac40 0xc0003f8750}
2024/02/14 16:52:37 ticket.handlers.go:410: handlers &{0xc00000ac40 0xc0003f8750}
2024/02/14 16:52:37 ticket.handlers.go:424: handlers &{0xc00000ac40 0xc0003f8750}
2024/02/14 16:52:37 ticket.handlers.go:388: handlers &{0xc00000ac40 0xc0003f8750}
2024/02/14 16:52:37 admin.handlers.go:638: params::::: {nDmmyD0 }
2024/02/14 16:52:37 admin.handlers.go:44: Client Connected
2024/02/14 16:52:39 ticket.handlers.go:366: handlers &{0xc00000ac40 0xc0003f8750}
2024/02/14 16:52:41 ticket.handlers.go:366: handlers &{0xc00000ac40 0xc0003f8750}
2024/02/14 16:52:43 ticket.handlers.go:366: handlers &{0xc00000ac40 0xc0003f8750}
2024/02/14 16:52:45 ticket.handlers.go:366: handlers &{0xc00000ac40 0xc0003f8750}
2024/02/14 16:52:47 ticket.handlers.go:366: handlers &{0xc00000ac40 0xc0003f8750}
2024/02/14 16:52:49 ticket.handlers.go:366: handlers &{0xc00000ac40 0xc0003f8750}
2024/02/14 16:52:51 ticket.handlers.go:366: handlers &{0xc00000ac40 0xc0003f8750}
2024/02/14 16:52:53 ticket.handlers.go:366: handlers &{0xc00000ac40 0xc0003f8750}
2024/02/14 16:52:55 ticket.handlers.go:366: handlers &{0xc00000ac40 0xc0003f8750}
2024/02/14 16:52:57 ticket.handlers.go:366: handlers &{0xc00000ac40 0xc0003f8750}
2024/02/14 16:52:59 ticket.handlers.go:366: handlers &{0xc00000ac40 0xc0003f8750}
2024/02/14 16:53:01 ticket.handlers.go:366: handlers &{0xc00000ac40 0xc0003f8750}
2024/02/14 16:53:03 ticket.handlers.go:366: handlers &{0xc00000ac40 0xc0003f8750}
2024/02/14 16:53:05 ticket.handlers.go:366: handlers &{0xc00000ac40 0xc0003f8750}
2024/02/14 16:53:07 ticket.handlers.go:366: handlers &{0xc00000ac40 0xc0003f8750}
2024/02/14 16:53:09 ticket.handlers.go:366: handlers &{0xc00000ac40 0xc0003f8750}
2024/02/14 16:53:11 ticket.handlers.go:366: handlers &{0xc00000ac40 0xc0003f8750}
2024/02/14 16:53:13 ticket.handlers.go:366: handlers &{0xc00000ac40 0xc0003f8750}
2024/02/14 16:53:15 ticket.handlers.go:366: handlers &{0xc00000ac40 0xc0003f8750}
2024/02/14 16:53:17 ticket.handlers.go:366: handlers &{0xc00000ac40 0xc0003f8750}
2024/02/14 16:53:19 ticket.handlers.go:366: handlers &{0xc00000ac40 0xc0003f8750}
2024/02/14 16:53:21 ticket.handlers.go:366: handlers &{0xc00000ac40 0xc0003f8750}
2024/02/14 16:53:23 ticket.handlers.go:366: handlers &{0xc00000ac40 0xc0003f8750}
2024/02/14 16:53:25 ticket.handlers.go:366: handlers &{0xc00000ac40 0xc0003f8750}
2024/02/14 16:53:27 ticket.handlers.go:366: handlers &{0xc00000ac40 0xc0003f8750}
2024/02/14 16:53:29 ticket.handlers.go:366: handlers &{0xc00000ac40 0xc0003f8750}
2024/02/14 16:53:31 ticket.handlers.go:366: handlers &{0xc00000ac40 0xc0003f8750}
2024/02/14 16:53:33 ticket.handlers.go:366: handlers &{0xc00000ac40 0xc0003f8750}
2024/02/14 16:53:35 ticket.handlers.go:366: handlers &{0xc00000ac40 0xc0003f8750}
2024/02/14 16:53:37 ticket.handlers.go:366: handlers &{0xc00000ac40 0xc0003f8750}
2024/02/14 16:53:39 ticket.handlers.go:366: handlers &{0xc00000ac40 0xc0003f8750}
2024/02/14 16:53:41 ticket.handlers.go:366: handlers &{0xc00000ac40 0xc0003f8750}
2024/02/14 16:53:43 ticket.handlers.go:366: handlers &{0xc00000ac40 0xc0003f8750}
2024/02/14 16:53:45 ticket.handlers.go:366: handlers &{0xc00000ac40 0xc0003f8750}
2024/02/14 16:53:47 ticket.handlers.go:366: handlers &{0xc00000ac40 0xc0003f8750}
2024/02/14 16:53:49 admin.handlers.go:62: error in reading message websocket: close 1001 (going away)
2024/02/14 16:53:49 ticket.handlers.go:366: handlers &{0xc00000ac40 0xc0003f8750}
2024/02/14 16:53:49 ticket.handlers.go:410: handlers &{0xc00000ac40 0xc0003f8750}
2024/02/14 16:53:49 ticket.handlers.go:424: handlers &{0xc00000ac40 0xc0003f8750}
2024/02/14 16:53:49 admin.handlers.go:44: Client Connected
2024/02/14 16:53:49 ticket.handlers.go:388: handlers &{0xc00000ac40 0xc0003f8750}
2024/02/14 16:53:49 admin.handlers.go:638: params::::: {nDmmyD0 }
2024/02/14 16:53:51 ticket.handlers.go:366: handlers &{0xc00000ac40 0xc0003f8750}
2024/02/14 16:53:53 ticket.handlers.go:366: handlers &{0xc00000ac40 0xc0003f8750}
2024/02/14 16:53:55 ticket.handlers.go:366: handlers &{0xc00000ac40 0xc0003f8750}
2024/02/14 16:53:58 ticket.handlers.go:366: handlers &{0xc00000ac40 0xc0003f8750}
2024/02/14 16:54:00 ticket.handlers.go:366: handlers &{0xc00000ac40 0xc0003f8750}
2024/02/14 16:54:02 ticket.handlers.go:366: handlers &{0xc00000ac40 0xc0003f8750}
2024/02/14 16:54:04 ticket.handlers.go:366: handlers &{0xc00000ac40 0xc0003f8750}
2024/02/14 16:54:06 ticket.handlers.go:366: handlers &{0xc00000ac40 0xc0003f8750}
2024/02/14 16:54:07 ticket.handlers.go:366: handlers &{0xc00000ac40 0xc0003f8750}
2024/02/14 16:54:09 ticket.handlers.go:366: handlers &{0xc00000ac40 0xc0003f8750}
2024/02/14 16:54:10 admin.handlers.go:62: error in reading message websocket: close 1001 (going away)
2024/02/14 16:54:11 ticket.handlers.go:366: handlers &{0xc00000ac40 0xc0003f8750}
2024/02/14 16:54:11 ticket.handlers.go:424: handlers &{0xc00000ac40 0xc0003f8750}
2024/02/14 16:54:11 admin.handlers.go:44: Client Connected
2024/02/14 16:54:11 ticket.handlers.go:388: handlers &{0xc00000ac40 0xc0003f8750}
2024/02/14 16:54:11 admin.handlers.go:638: params::::: {nDmmyD0 }
2024/02/14 16:54:11 ticket.handlers.go:410: handlers &{0xc00000ac40 0xc0003f8750}
2024/02/14 16:54:13 ticket.handlers.go:366: handlers &{0xc00000ac40 0xc0003f8750}
2024/02/14 16:54:15 ticket.handlers.go:366: handlers &{0xc00000ac40 0xc0003f8750}
2024/02/14 16:54:17 ticket.handlers.go:366: handlers &{0xc00000ac40 0xc0003f8750}
2024/02/14 16:54:19 ticket.handlers.go:366: handlers &{0xc00000ac40 0xc0003f8750}
2024/02/14 16:54:21 ticket.handlers.go:366: handlers &{0xc00000ac40 0xc0003f8750}
2024/02/14 16:54:23 ticket.handlers.go:366: handlers &{0xc00000ac40 0xc0003f8750}
2024/02/14 16:54:25 ticket.handlers.go:366: handlers &{0xc00000ac40 0xc0003f8750}
2024/02/14 16:54:27 ticket.handlers.go:366: handlers &{0xc00000ac40 0xc0003f8750}
2024/02/14 16:54:29 ticket.handlers.go:366: handlers &{0xc00000ac40 0xc0003f8750}
2024/02/14 16:54:31 ticket.handlers.go:366: handlers &{0xc00000ac40 0xc0003f8750}
2024/02/14 16:54:33 ticket.handlers.go:366: handlers &{0xc00000ac40 0xc0003f8750}
2024/02/14 16:54:35 ticket.handlers.go:366: handlers &{0xc00000ac40 0xc0003f8750}
2024/02/14 16:54:37 ticket.handlers.go:366: handlers &{0xc00000ac40 0xc0003f8750}
2024/02/14 16:54:39 ticket.handlers.go:366: handlers &{0xc00000ac40 0xc0003f8750}
2024/02/14 16:54:41 ticket.handlers.go:366: handlers &{0xc00000ac40 0xc0003f8750}
2024/02/14 16:54:43 ticket.handlers.go:366: handlers &{0xc00000ac40 0xc0003f8750}
2024/02/14 16:54:45 ticket.handlers.go:366: handlers &{0xc00000ac40 0xc0003f8750}
2024/02/14 16:54:47 ticket.handlers.go:366: handlers &{0xc00000ac40 0xc0003f8750}
2024/02/14 16:54:49 ticket.handlers.go:366: handlers &{0xc00000ac40 0xc0003f8750}
2024/02/14 16:54:51 ticket.handlers.go:366: handlers &{0xc00000ac40 0xc0003f8750}
2024/02/14 16:54:53 ticket.handlers.go:366: handlers &{0xc00000ac40 0xc0003f8750}
2024/02/14 16:54:56 ticket.handlers.go:366: handlers &{0xc00000ac40 0xc0003f8750}
2024/02/14 16:54:57 ticket.handlers.go:366: handlers &{0xc00000ac40 0xc0003f8750}
2024/02/14 16:54:58 admin.handlers.go:62: error in reading message websocket: close 1001 (going away)
2024/02/14 16:54:59 ticket.handlers.go:366: handlers &{0xc00000ac40 0xc0003f8750}
2024/02/14 16:54:59 ticket.handlers.go:410: handlers &{0xc00000ac40 0xc0003f8750}
2024/02/14 16:54:59 ticket.handlers.go:424: handlers &{0xc00000ac40 0xc0003f8750}
2024/02/14 16:54:59 ticket.handlers.go:388: handlers &{0xc00000ac40 0xc0003f8750}
2024/02/14 16:54:59 admin.handlers.go:638: params::::: {nDmmyD0 }
2024/02/14 16:54:59 admin.handlers.go:44: Client Connected
2024/02/14 16:55:01 ticket.handlers.go:366: handlers &{0xc00000ac40 0xc0003f8750}
2024/02/14 16:55:03 ticket.handlers.go:366: handlers &{0xc00000ac40 0xc0003f8750}
2024/02/14 16:55:05 ticket.handlers.go:366: handlers &{0xc00000ac40 0xc0003f8750}
2024/02/14 16:55:07 ticket.handlers.go:366: handlers &{0xc00000ac40 0xc0003f8750}
2024/02/14 16:55:09 ticket.handlers.go:366: handlers &{0xc00000ac40 0xc0003f8750}
2024/02/14 16:55:11 ticket.handlers.go:366: handlers &{0xc00000ac40 0xc0003f8750}
2024/02/14 16:55:13 ticket.handlers.go:366: handlers &{0xc00000ac40 0xc0003f8750}
2024/02/14 16:55:14 admin.handlers.go:62: error in reading message websocket: close 1001 (going away)
2024/02/14 16:55:15 admin.handlers.go:44: Client Connected
2024/02/14 16:55:15 ticket.handlers.go:410: handlers &{0xc00000ac40 0xc0003f8750}
2024/02/14 16:55:15 ticket.handlers.go:366: handlers &{0xc00000ac40 0xc0003f8750}
2024/02/14 16:55:15 ticket.handlers.go:424: handlers &{0xc00000ac40 0xc0003f8750}
2024/02/14 16:55:15 ticket.handlers.go:388: handlers &{0xc00000ac40 0xc0003f8750}
2024/02/14 16:55:15 admin.handlers.go:638: params::::: {nDmmyD0 }
2024/02/14 16:55:17 ticket.handlers.go:366: handlers &{0xc00000ac40 0xc0003f8750}
2024/02/14 16:55:19 ticket.handlers.go:366: handlers &{0xc00000ac40 0xc0003f8750}
2024/02/14 16:55:21 ticket.handlers.go:366: handlers &{0xc00000ac40 0xc0003f8750}
2024/02/14 16:55:23 ticket.handlers.go:366: handlers &{0xc00000ac40 0xc0003f8750}
2024/02/14 16:55:25 ticket.handlers.go:366: handlers &{0xc00000ac40 0xc0003f8750}
2024/02/14 16:55:27 ticket.handlers.go:366: handlers &{0xc00000ac40 0xc0003f8750}
2024/02/14 16:55:29 ticket.handlers.go:366: handlers &{0xc00000ac40 0xc0003f8750}
2024/02/14 16:55:31 ticket.handlers.go:366: handlers &{0xc00000ac40 0xc0003f8750}
2024/02/14 16:55:33 ticket.handlers.go:366: handlers &{0xc00000ac40 0xc0003f8750}
2024/02/14 16:55:35 ticket.handlers.go:366: handlers &{0xc00000ac40 0xc0003f8750}
2024/02/14 16:55:37 ticket.handlers.go:366: handlers &{0xc00000ac40 0xc0003f8750}
2024/02/14 16:55:39 ticket.handlers.go:366: handlers &{0xc00000ac40 0xc0003f8750}
2024/02/14 16:55:41 ticket.handlers.go:366: handlers &{0xc00000ac40 0xc0003f8750}
2024/02/14 16:55:43 ticket.handlers.go:366: handlers &{0xc00000ac40 0xc0003f8750}
2024/02/14 16:55:45 ticket.handlers.go:366: handlers &{0xc00000ac40 0xc0003f8750}
2024/02/14 16:55:47 ticket.handlers.go:366: handlers &{0xc00000ac40 0xc0003f8750}
2024/02/14 16:55:49 ticket.handlers.go:366: handlers &{0xc00000ac40 0xc0003f8750}
2024/02/14 16:55:51 ticket.handlers.go:366: handlers &{0xc00000ac40 0xc0003f8750}
2024/02/14 16:55:53 ticket.handlers.go:366: handlers &{0xc00000ac40 0xc0003f8750}
2024/02/14 16:55:55 ticket.handlers.go:366: handlers &{0xc00000ac40 0xc0003f8750}
2024/02/14 16:55:57 ticket.handlers.go:366: handlers &{0xc00000ac40 0xc0003f8750}
2024/02/14 16:55:59 ticket.handlers.go:366: handlers &{0xc00000ac40 0xc0003f8750}
2024/02/14 16:56:01 ticket.handlers.go:366: handlers &{0xc00000ac40 0xc0003f8750}
2024/02/14 16:56:03 ticket.handlers.go:366: handlers &{0xc00000ac40 0xc0003f8750}
2024/02/14 16:56:05 ticket.handlers.go:366: handlers &{0xc00000ac40 0xc0003f8750}
2024/02/14 16:56:07 ticket.handlers.go:366: handlers &{0xc00000ac40 0xc0003f8750}
2024/02/14 16:56:09 ticket.handlers.go:366: handlers &{0xc00000ac40 0xc0003f8750}
2024/02/14 16:56:11 ticket.handlers.go:366: handlers &{0xc00000ac40 0xc0003f8750}
2024/02/14 16:56:13 ticket.handlers.go:366: handlers &{0xc00000ac40 0xc0003f8750}
2024/02/14 16:56:15 ticket.handlers.go:366: handlers &{0xc00000ac40 0xc0003f8750}
2024/02/14 16:56:17 ticket.handlers.go:366: handlers &{0xc00000ac40 0xc0003f8750}
2024/02/14 16:56:19 ticket.handlers.go:366: handlers &{0xc00000ac40 0xc0003f8750}
2024/02/14 16:56:21 ticket.handlers.go:366: handlers &{0xc00000ac40 0xc0003f8750}
2024/02/14 16:56:23 ticket.handlers.go:366: handlers &{0xc00000ac40 0xc0003f8750}
2024/02/14 16:56:25 ticket.handlers.go:366: handlers &{0xc00000ac40 0xc0003f8750}
2024/02/14 16:56:27 ticket.handlers.go:366: handlers &{0xc00000ac40 0xc0003f8750}
2024/02/14 16:56:29 ticket.handlers.go:366: handlers &{0xc00000ac40 0xc0003f8750}
2024/02/14 16:56:30 admin.handlers.go:62: error in reading message websocket: close 1001 (going away)
2024/02/14 16:56:34 ticket.handlers.go:469: data:::::: {   192.168.132.148 178BFBFF008A0F00 0025_38E5_31A7_8005. false false  }
2024/02/14 16:56:35 filehelper.go:129: Filename license_FASTQ Solutions.json
2024/02/14 16:56:35 filehelper.go:129: Filename license_FASTQ Solutions.json
2024/02/14 16:57:27 ticket.handlers.go:469: data:::::: {   192.168.132.148 178BFBFF008A0F00 0025_38E5_31A7_8005. false false  }
2024/02/14 16:57:28 filehelper.go:129: Filename license_FASTQ Solutions.json
2024/02/14 16:57:28 filehelper.go:129: Filename license_FASTQ Solutions.json
2024/02/14 16:57:46 LicenseService.go:126: user not present, sql: expected 23 destination arguments in Scan, not 20
2024/02/14 16:57:46 LicenseService.go:429: error while updating counters <nil>
2024/02/14 16:57:46 ticket.handlers.go:366: handlers &{0xc00000ac40 0xc0003f8750}
2024/02/14 16:57:46 ticket.handlers.go:410: handlers &{0xc00000ac40 0xc0003f8750}
2024/02/14 16:57:46 ticket.handlers.go:424: handlers &{0xc00000ac40 0xc0003f8750}
2024/02/14 16:57:46 admin.handlers.go:44: Client Connected
2024/02/14 16:57:46 ticket.handlers.go:388: handlers &{0xc00000ac40 0xc0003f8750}
2024/02/14 16:57:46 admin.handlers.go:638: params::::: {nDmmyD0 }
2024/02/14 16:57:47 ticket.handlers.go:469: data:::::: {   192.168.132.148 178BFBFF008A0F00 0025_38E5_31A7_8005. false false  }
2024/02/14 16:57:48 ticket.handlers.go:366: handlers &{0xc00000ac40 0xc0003f8750}
2024/02/14 16:57:50 ticket.handlers.go:366: handlers &{0xc00000ac40 0xc0003f8750}
2024/02/14 16:57:52 ticket.handlers.go:366: handlers &{0xc00000ac40 0xc0003f8750}
2024/02/14 16:57:54 ticket.handlers.go:366: handlers &{0xc00000ac40 0xc0003f8750}
2024/02/14 16:57:57 ticket.handlers.go:366: handlers &{0xc00000ac40 0xc0003f8750}
2024/02/14 16:57:59 ticket.handlers.go:366: handlers &{0xc00000ac40 0xc0003f8750}
2024/02/14 16:58:01 ticket.handlers.go:366: handlers &{0xc00000ac40 0xc0003f8750}
2024/02/14 16:58:03 ticket.handlers.go:366: handlers &{0xc00000ac40 0xc0003f8750}
2024/02/14 16:58:05 ticket.handlers.go:366: handlers &{0xc00000ac40 0xc0003f8750}
2024/02/14 16:58:07 ticket.handlers.go:366: handlers &{0xc00000ac40 0xc0003f8750}
2024/02/14 16:58:09 ticket.handlers.go:366: handlers &{0xc00000ac40 0xc0003f8750}
2024/02/14 16:58:11 ticket.handlers.go:366: handlers &{0xc00000ac40 0xc0003f8750}
2024/02/14 16:58:13 ticket.handlers.go:366: handlers &{0xc00000ac40 0xc0003f8750}
2024/02/14 16:58:15 ticket.handlers.go:366: handlers &{0xc00000ac40 0xc0003f8750}
2024/02/14 16:58:17 ticket.handlers.go:366: handlers &{0xc00000ac40 0xc0003f8750}
2024/02/14 16:58:19 ticket.handlers.go:366: handlers &{0xc00000ac40 0xc0003f8750}
2024/02/14 16:58:21 ticket.handlers.go:366: handlers &{0xc00000ac40 0xc0003f8750}
2024/02/14 16:58:23 ticket.handlers.go:366: handlers &{0xc00000ac40 0xc0003f8750}
2024/02/14 16:58:25 ticket.handlers.go:366: handlers &{0xc00000ac40 0xc0003f8750}
2024/02/14 16:58:27 ticket.handlers.go:366: handlers &{0xc00000ac40 0xc0003f8750}
2024/02/14 16:58:29 ticket.handlers.go:366: handlers &{0xc00000ac40 0xc0003f8750}
2024/02/14 16:58:31 ticket.handlers.go:366: handlers &{0xc00000ac40 0xc0003f8750}
2024/02/14 16:58:33 ticket.handlers.go:366: handlers &{0xc00000ac40 0xc0003f8750}
2024/02/14 16:58:35 ticket.handlers.go:366: handlers &{0xc00000ac40 0xc0003f8750}
2024/02/14 16:58:37 ticket.handlers.go:366: handlers &{0xc00000ac40 0xc0003f8750}
2024/02/14 16:58:39 ticket.handlers.go:366: handlers &{0xc00000ac40 0xc0003f8750}
2024/02/14 16:58:41 ticket.handlers.go:366: handlers &{0xc00000ac40 0xc0003f8750}
2024/02/14 16:58:43 ticket.handlers.go:366: handlers &{0xc00000ac40 0xc0003f8750}
2024/02/14 16:58:45 ticket.handlers.go:366: handlers &{0xc00000ac40 0xc0003f8750}
2024/02/14 16:58:46 ticket.handlers.go:366: handlers &{0xc00000ac40 0xc0003f8750}
2024/02/14 16:58:48 ticket.handlers.go:366: handlers &{0xc00000ac40 0xc0003f8750}
2024/02/14 16:58:49 admin.handlers.go:62: error in reading message websocket: close 1001 (going away)
2024/02/14 16:58:50 ticket.handlers.go:366: handlers &{0xc00000ac40 0xc0003f8750}
2024/02/14 16:58:50 ticket.handlers.go:410: handlers &{0xc00000ac40 0xc0003f8750}
2024/02/14 16:58:50 ticket.handlers.go:424: handlers &{0xc00000ac40 0xc0003f8750}
2024/02/14 16:58:50 ticket.handlers.go:388: handlers &{0xc00000ac40 0xc0003f8750}
2024/02/14 16:58:50 admin.handlers.go:638: params::::: {nDmmyD0 }
2024/02/14 16:58:50 admin.handlers.go:44: Client Connected
2024/02/14 16:58:52 ticket.handlers.go:366: handlers &{0xc00000ac40 0xc0003f8750}
2024/02/14 16:58:54 ticket.handlers.go:366: handlers &{0xc00000ac40 0xc0003f8750}
2024/02/14 16:58:56 ticket.handlers.go:366: handlers &{0xc00000ac40 0xc0003f8750}
2024/02/14 16:58:58 ticket.handlers.go:366: handlers &{0xc00000ac40 0xc0003f8750}
2024/02/14 16:59:00 ticket.handlers.go:366: handlers &{0xc00000ac40 0xc0003f8750}
2024/02/14 16:59:02 ticket.handlers.go:366: handlers &{0xc00000ac40 0xc0003f8750}
2024/02/14 16:59:04 ticket.handlers.go:366: handlers &{0xc00000ac40 0xc0003f8750}
2024/02/14 16:59:06 ticket.handlers.go:366: handlers &{0xc00000ac40 0xc0003f8750}
2024/02/14 16:59:08 ticket.handlers.go:366: handlers &{0xc00000ac40 0xc0003f8750}
2024/02/14 16:59:11 ticket.handlers.go:366: handlers &{0xc00000ac40 0xc0003f8750}
2024/02/14 16:59:12 ticket.handlers.go:366: handlers &{0xc00000ac40 0xc0003f8750}
2024/02/14 16:59:14 ticket.handlers.go:366: handlers &{0xc00000ac40 0xc0003f8750}
2024/02/14 16:59:16 ticket.handlers.go:366: handlers &{0xc00000ac40 0xc0003f8750}
2024/02/14 16:59:18 ticket.handlers.go:366: handlers &{0xc00000ac40 0xc0003f8750}
2024/02/14 16:59:20 ticket.handlers.go:366: handlers &{0xc00000ac40 0xc0003f8750}
2024/02/14 16:59:22 ticket.handlers.go:366: handlers &{0xc00000ac40 0xc0003f8750}
2024/02/14 16:59:24 ticket.handlers.go:366: handlers &{0xc00000ac40 0xc0003f8750}
2024/02/14 16:59:26 ticket.handlers.go:366: handlers &{0xc00000ac40 0xc0003f8750}
2024/02/14 16:59:28 ticket.handlers.go:366: handlers &{0xc00000ac40 0xc0003f8750}
2024/02/14 16:59:30 ticket.handlers.go:366: handlers &{0xc00000ac40 0xc0003f8750}
2024/02/14 16:59:32 admin.handlers.go:62: error in reading message websocket: close 1001 (going away)
2024/02/14 16:59:32 ticket.handlers.go:366: handlers &{0xc00000ac40 0xc0003f8750}
2024/02/14 16:59:32 ticket.handlers.go:410: handlers &{0xc00000ac40 0xc0003f8750}
2024/02/14 16:59:32 ticket.handlers.go:424: handlers &{0xc00000ac40 0xc0003f8750}
2024/02/14 16:59:32 ticket.handlers.go:388: handlers &{0xc00000ac40 0xc0003f8750}
2024/02/14 16:59:32 admin.handlers.go:638: params::::: {nDmmyD0 }
2024/02/14 16:59:32 admin.handlers.go:44: Client Connected
2024/02/14 16:59:34 ticket.handlers.go:366: handlers &{0xc00000ac40 0xc0003f8750}
2024/02/14 16:59:36 ticket.handlers.go:366: handlers &{0xc00000ac40 0xc0003f8750}
2024/02/14 16:59:38 ticket.handlers.go:366: handlers &{0xc00000ac40 0xc0003f8750}
2024/02/14 16:59:40 ticket.handlers.go:366: handlers &{0xc00000ac40 0xc0003f8750}
2024/02/14 16:59:42 ticket.handlers.go:366: handlers &{0xc00000ac40 0xc0003f8750}
2024/02/14 16:59:45 ticket.handlers.go:366: handlers &{0xc00000ac40 0xc0003f8750}
2024/02/14 16:59:46 ticket.handlers.go:366: handlers &{0xc00000ac40 0xc0003f8750}
2024/02/14 16:59:48 ticket.handlers.go:366: handlers &{0xc00000ac40 0xc0003f8750}
2024/02/14 16:59:50 ticket.handlers.go:366: handlers &{0xc00000ac40 0xc0003f8750}
2024/02/14 16:59:52 ticket.handlers.go:366: handlers &{0xc00000ac40 0xc0003f8750}
2024/02/14 16:59:54 ticket.handlers.go:366: handlers &{0xc00000ac40 0xc0003f8750}
2024/02/14 16:59:56 ticket.handlers.go:366: handlers &{0xc00000ac40 0xc0003f8750}
2024/02/14 16:59:58 ticket.handlers.go:366: handlers &{0xc00000ac40 0xc0003f8750}
2024/02/14 17:00:00 ticket.handlers.go:366: handlers &{0xc00000ac40 0xc0003f8750}
2024/02/14 17:00:02 ticket.handlers.go:366: handlers &{0xc00000ac40 0xc0003f8750}
2024/02/14 17:00:04 ticket.handlers.go:366: handlers &{0xc00000ac40 0xc0003f8750}
2024/02/14 17:00:06 ticket.handlers.go:366: handlers &{0xc00000ac40 0xc0003f8750}
2024/02/14 17:00:08 ticket.handlers.go:366: handlers &{0xc00000ac40 0xc0003f8750}
2024/02/14 17:00:10 ticket.handlers.go:366: handlers &{0xc00000ac40 0xc0003f8750}
2024/02/14 17:00:13 ticket.handlers.go:366: handlers &{0xc00000ac40 0xc0003f8750}
2024/02/14 17:00:14 ticket.handlers.go:366: handlers &{0xc00000ac40 0xc0003f8750}
2024/02/14 17:00:16 ticket.handlers.go:366: handlers &{0xc00000ac40 0xc0003f8750}
2024/02/14 17:00:16 admin.handlers.go:62: error in reading message websocket: close 1001 (going away)
2024/02/14 17:00:17 ticket.handlers.go:366: handlers &{0xc00000ac40 0xc0003f8750}
2024/02/14 17:00:17 ticket.handlers.go:410: handlers &{0xc00000ac40 0xc0003f8750}
2024/02/14 17:00:17 ticket.handlers.go:424: handlers &{0xc00000ac40 0xc0003f8750}
2024/02/14 17:00:17 admin.handlers.go:638: params::::: {nDmmyD0 }
2024/02/14 17:00:17 ticket.handlers.go:388: handlers &{0xc00000ac40 0xc0003f8750}
2024/02/14 17:00:17 admin.handlers.go:44: Client Connected
2024/02/14 17:00:19 ticket.handlers.go:366: handlers &{0xc00000ac40 0xc0003f8750}
2024/02/14 17:00:21 ticket.handlers.go:366: handlers &{0xc00000ac40 0xc0003f8750}
2024/02/14 17:00:23 ticket.handlers.go:366: handlers &{0xc00000ac40 0xc0003f8750}
2024/02/14 17:00:25 ticket.handlers.go:366: handlers &{0xc00000ac40 0xc0003f8750}
2024/02/14 17:00:28 ticket.handlers.go:366: handlers &{0xc00000ac40 0xc0003f8750}
2024/02/14 17:00:29 ticket.handlers.go:366: handlers &{0xc00000ac40 0xc0003f8750}
2024/02/14 17:00:30 admin.handlers.go:62: error in reading message websocket: close 1001 (going away)
2024/02/14 17:00:30 ticket.handlers.go:366: handlers &{0xc00000ac40 0xc0003f8750}
2024/02/14 17:00:30 admin.handlers.go:44: Client Connected
2024/02/14 17:00:30 ticket.handlers.go:424: handlers &{0xc00000ac40 0xc0003f8750}
2024/02/14 17:00:30 ticket.handlers.go:410: handlers &{0xc00000ac40 0xc0003f8750}
2024/02/14 17:00:30 ticket.handlers.go:388: handlers &{0xc00000ac40 0xc0003f8750}
2024/02/14 17:00:30 admin.handlers.go:638: params::::: {nDmmyD0 }
2024/02/14 17:00:32 ticket.handlers.go:366: handlers &{0xc00000ac40 0xc0003f8750}
2024/02/14 17:00:34 ticket.handlers.go:366: handlers &{0xc00000ac40 0xc0003f8750}
2024/02/14 17:00:36 ticket.handlers.go:366: handlers &{0xc00000ac40 0xc0003f8750}
2024/02/14 17:00:38 ticket.handlers.go:366: handlers &{0xc00000ac40 0xc0003f8750}
2024/02/14 17:00:40 ticket.handlers.go:366: handlers &{0xc00000ac40 0xc0003f8750}
2024/02/14 17:00:42 admin.handlers.go:62: error in reading message websocket: close 1001 (going away)
2024/02/14 17:00:42 ticket.handlers.go:366: handlers &{0xc00000ac40 0xc0003f8750}
2024/02/14 17:00:42 ticket.handlers.go:410: handlers &{0xc00000ac40 0xc0003f8750}
2024/02/14 17:00:42 ticket.handlers.go:424: handlers &{0xc00000ac40 0xc0003f8750}
2024/02/14 17:00:42 ticket.handlers.go:388: handlers &{0xc00000ac40 0xc0003f8750}
2024/02/14 17:00:42 admin.handlers.go:638: params::::: {nDmmyD0 }
2024/02/14 17:00:42 admin.handlers.go:44: Client Connected
2024/02/14 17:00:44 ticket.handlers.go:366: handlers &{0xc00000ac40 0xc0003f8750}
2024/02/14 17:00:46 ticket.handlers.go:366: handlers &{0xc00000ac40 0xc0003f8750}
2024/02/14 17:00:48 ticket.handlers.go:366: handlers &{0xc00000ac40 0xc0003f8750}
2024/02/14 17:00:50 ticket.handlers.go:366: handlers &{0xc00000ac40 0xc0003f8750}
2024/02/14 17:00:52 ticket.handlers.go:366: handlers &{0xc00000ac40 0xc0003f8750}
2024/02/14 17:00:54 ticket.handlers.go:366: handlers &{0xc00000ac40 0xc0003f8750}
2024/02/14 17:00:56 ticket.handlers.go:366: handlers &{0xc00000ac40 0xc0003f8750}
2024/02/14 17:00:58 ticket.handlers.go:366: handlers &{0xc00000ac40 0xc0003f8750}
2024/02/14 17:01:00 ticket.handlers.go:366: handlers &{0xc00000ac40 0xc0003f8750}
2024/02/14 17:01:02 ticket.handlers.go:366: handlers &{0xc00000ac40 0xc0003f8750}
2024/02/14 17:01:04 ticket.handlers.go:366: handlers &{0xc00000ac40 0xc0003f8750}
2024/02/14 17:01:06 ticket.handlers.go:366: handlers &{0xc00000ac40 0xc0003f8750}
2024/02/14 17:01:08 ticket.handlers.go:366: handlers &{0xc00000ac40 0xc0003f8750}
2024/02/14 17:01:10 ticket.handlers.go:366: handlers &{0xc00000ac40 0xc0003f8750}
2024/02/14 17:01:12 ticket.handlers.go:366: handlers &{0xc00000ac40 0xc0003f8750}
2024/02/14 17:01:14 ticket.handlers.go:366: handlers &{0xc00000ac40 0xc0003f8750}
2024/02/14 17:01:16 ticket.handlers.go:366: handlers &{0xc00000ac40 0xc0003f8750}
2024/02/14 17:01:18 ticket.handlers.go:366: handlers &{0xc00000ac40 0xc0003f8750}
2024/02/14 17:01:20 ticket.handlers.go:366: handlers &{0xc00000ac40 0xc0003f8750}
2024/02/14 17:01:22 ticket.handlers.go:366: handlers &{0xc00000ac40 0xc0003f8750}
2024/02/14 17:01:24 ticket.handlers.go:366: handlers &{0xc00000ac40 0xc0003f8750}
2024/02/14 17:01:26 ticket.handlers.go:366: handlers &{0xc00000ac40 0xc0003f8750}
2024/02/14 17:01:28 ticket.handlers.go:366: handlers &{0xc00000ac40 0xc0003f8750}
2024/02/14 17:01:29 admin.handlers.go:62: error in reading message websocket: close 1001 (going away)
2024/02/14 17:01:30 ticket.handlers.go:366: handlers &{0xc00000ac40 0xc0003f8750}
2024/02/14 17:01:30 ticket.handlers.go:410: handlers &{0xc00000ac40 0xc0003f8750}
2024/02/14 17:01:30 admin.handlers.go:44: Client Connected
2024/02/14 17:01:30 ticket.handlers.go:388: handlers &{0xc00000ac40 0xc0003f8750}
2024/02/14 17:01:30 ticket.handlers.go:424: handlers &{0xc00000ac40 0xc0003f8750}
2024/02/14 17:01:30 admin.handlers.go:638: params::::: {nDmmyD0 }
2024/02/14 17:01:32 ticket.handlers.go:366: handlers &{0xc00000ac40 0xc0003f8750}
2024/02/14 17:01:34 ticket.handlers.go:366: handlers &{0xc00000ac40 0xc0003f8750}
2024/02/14 17:01:36 ticket.handlers.go:366: handlers &{0xc00000ac40 0xc0003f8750}
2024/02/14 17:01:38 ticket.handlers.go:366: handlers &{0xc00000ac40 0xc0003f8750}
2024/02/14 17:01:40 ticket.handlers.go:366: handlers &{0xc00000ac40 0xc0003f8750}
2024/02/14 17:01:42 ticket.handlers.go:366: handlers &{0xc00000ac40 0xc0003f8750}
2024/02/14 17:01:44 ticket.handlers.go:366: handlers &{0xc00000ac40 0xc0003f8750}
2024/02/14 17:01:46 ticket.handlers.go:366: handlers &{0xc00000ac40 0xc0003f8750}
2024/02/14 17:01:48 ticket.handlers.go:366: handlers &{0xc00000ac40 0xc0003f8750}
2024/02/14 17:01:50 ticket.handlers.go:366: handlers &{0xc00000ac40 0xc0003f8750}
2024/02/14 17:01:52 ticket.handlers.go:366: handlers &{0xc00000ac40 0xc0003f8750}
2024/02/14 17:01:54 ticket.handlers.go:366: handlers &{0xc00000ac40 0xc0003f8750}
2024/02/14 17:01:57 ticket.handlers.go:366: handlers &{0xc00000ac40 0xc0003f8750}
2024/02/14 17:01:58 ticket.handlers.go:366: handlers &{0xc00000ac40 0xc0003f8750}
2024/02/14 17:01:58 admin.handlers.go:62: error in reading message websocket: close 1001 (going away)
2024/02/14 17:01:59 ticket.handlers.go:366: handlers &{0xc00000ac40 0xc0003f8750}
2024/02/14 17:01:59 ticket.handlers.go:410: handlers &{0xc00000ac40 0xc0003f8750}
2024/02/14 17:01:59 admin.handlers.go:44: Client Connected
2024/02/14 17:01:59 ticket.handlers.go:424: handlers &{0xc00000ac40 0xc0003f8750}
2024/02/14 17:01:59 ticket.handlers.go:388: handlers &{0xc00000ac40 0xc0003f8750}
2024/02/14 17:01:59 admin.handlers.go:638: params::::: {nDmmyD0 }
2024/02/14 17:02:01 ticket.handlers.go:366: handlers &{0xc00000ac40 0xc0003f8750}
2024/02/14 17:02:03 ticket.handlers.go:366: handlers &{0xc00000ac40 0xc0003f8750}
2024/02/14 17:02:05 ticket.handlers.go:366: handlers &{0xc00000ac40 0xc0003f8750}
2024/02/14 17:02:07 ticket.handlers.go:366: handlers &{0xc00000ac40 0xc0003f8750}
2024/02/14 17:02:09 ticket.handlers.go:366: handlers &{0xc00000ac40 0xc0003f8750}
2024/02/14 17:02:11 admin.handlers.go:62: error in reading message invalid character 'd' looking for beginning of value
2024/02/14 17:02:11 filehelper.go:129: Filename license_FASTQ Solutions.json
2024/02/14 17:02:11 filehelper.go:129: Filename license_FASTQ Solutions.json
